<?xml version="1.0" encoding="UTF-8"?>
<coverage generated="1759261304517" clover="3.2.0">
  <project timestamp="1759261304518" name="All files">
    <metrics statements="180" coveredstatements="132" conditionals="82" coveredconditionals="57" methods="33" coveredmethods="23" elements="295" coveredelements="212" complexity="0" loc="180" ncloc="180" packages="1" files="1" classes="1"/>
    <file name="FamilyTreeCore.ts" path="/mnt/win3/work/family_tree/packages/family-tree-core/src/FamilyTreeCore.ts">
      <metrics statements="180" coveredstatements="132" conditionals="82" coveredconditionals="57" methods="33" coveredmethods="23"/>
      <line num="2" count="3" type="stmt"/>
      <line num="5" count="3" type="stmt"/>
      <line num="6" count="24" type="stmt"/>
      <line num="10" count="24" type="stmt"/>
      <line num="11" count="24" type="stmt"/>
      <line num="17" count="54" type="stmt"/>
      <line num="18" count="54" type="stmt"/>
      <line num="25" count="54" type="stmt"/>
      <line num="26" count="54" type="stmt"/>
      <line num="30" count="134" type="stmt"/>
      <line num="34" count="5" type="stmt"/>
      <line num="35" count="5" type="cond" truecount="1" falsecount="0"/>
      <line num="36" count="1" type="stmt"/>
      <line num="38" count="4" type="stmt"/>
      <line num="39" count="4" type="stmt"/>
      <line num="40" count="4" type="stmt"/>
      <line num="44" count="1" type="stmt"/>
      <line num="45" count="1" type="cond" truecount="0" falsecount="1"/>
      <line num="46" count="0" type="stmt"/>
      <line num="50" count="1" type="stmt"/>
      <line num="51" count="0" type="stmt"/>
      <line num="52" count="0" type="cond" truecount="0" falsecount="1"/>
      <line num="53" count="0" type="stmt"/>
      <line num="58" count="1" type="stmt"/>
      <line num="59" count="1" type="stmt"/>
      <line num="60" count="1" type="cond" truecount="1" falsecount="0"/>
      <line num="61" count="1" type="stmt"/>
      <line num="66" count="1" type="stmt"/>
      <line num="67" count="0" type="stmt"/>
      <line num="68" count="0" type="cond" truecount="0" falsecount="1"/>
      <line num="69" count="0" type="stmt"/>
      <line num="73" count="1" type="stmt"/>
      <line num="77" count="7" type="stmt"/>
      <line num="78" count="7" type="stmt"/>
      <line num="79" count="20" type="cond" truecount="1" falsecount="0"/>
      <line num="80" count="7" type="stmt"/>
      <line num="83" count="0" type="stmt"/>
      <line num="87" count="3" type="stmt"/>
      <line num="93" count="10" type="stmt"/>
      <line num="94" count="10" type="cond" truecount="1" falsecount="0"/>
      <line num="95" count="1" type="stmt"/>
      <line num="98" count="9" type="cond" truecount="3" falsecount="0"/>
      <line num="99" count="1" type="stmt"/>
      <line num="102" count="8" type="cond" truecount="1" falsecount="0"/>
      <line num="106" count="1" type="stmt"/>
      <line num="109" count="7" type="stmt"/>
      <line num="110" count="7" type="stmt"/>
      <line num="111" count="7" type="stmt"/>
      <line num="113" count="7" type="stmt"/>
      <line num="117" count="1" type="stmt"/>
      <line num="118" count="1" type="stmt"/>
      <line num="120" count="1" type="cond" truecount="2" falsecount="1"/>
      <line num="122" count="0" type="stmt"/>
      <line num="125" count="1" type="stmt"/>
      <line num="126" count="1" type="stmt"/>
      <line num="130" count="23" type="stmt"/>
      <line num="131" count="23" type="cond" truecount="1" falsecount="0"/>
      <line num="132" count="1" type="stmt"/>
      <line num="135" count="22" type="stmt"/>
      <line num="136" count="22" type="cond" truecount="1" falsecount="0"/>
      <line num="137" count="4" type="stmt"/>
      <line num="138" count="4" type="cond" truecount="0" falsecount="1"/>
      <line num="139" count="0" type="stmt"/>
      <line num="141" count="4" type="stmt"/>
      <line num="144" count="22" type="cond" truecount="3" falsecount="0"/>
      <line num="145" count="1" type="stmt"/>
      <line num="148" count="21" type="cond" truecount="2" falsecount="1"/>
      <line num="149" count="0" type="stmt"/>
      <line num="152" count="21" type="stmt"/>
      <line num="153" count="25" type="stmt"/>
      <line num="154" count="25" type="stmt"/>
      <line num="156" count="21" type="stmt"/>
      <line num="160" count="0" type="stmt"/>
      <line num="161" count="0" type="stmt"/>
      <line num="163" count="0" type="cond" truecount="0" falsecount="3"/>
      <line num="164" count="0" type="stmt"/>
      <line num="167" count="0" type="stmt"/>
      <line num="168" count="0" type="stmt"/>
      <line num="174" count="14" type="cond" truecount="1" falsecount="0"/>
      <line num="175" count="13" type="stmt"/>
      <line num="176" count="13" type="stmt"/>
      <line num="177" count="13" type="cond" truecount="2" falsecount="1"/>
      <line num="180" count="13" type="cond" truecount="1" falsecount="0"/>
      <line num="181" count="12" type="cond" truecount="1" falsecount="0"/>
      <line num="182" count="11" type="cond" truecount="1" falsecount="0"/>
      <line num="184" count="10" type="stmt"/>
      <line num="185" count="10" type="stmt"/>
      <line num="188" count="10" type="cond" truecount="1" falsecount="0"/>
      <line num="189" count="1" type="stmt"/>
      <line num="190" count="1" type="cond" truecount="1" falsecount="0"/>
      <line num="191" count="0" type="stmt"/>
      <line num="193" count="9" type="cond" truecount="1" falsecount="0"/>
      <line num="194" count="1" type="stmt"/>
      <line num="195" count="1" type="cond" truecount="1" falsecount="0"/>
      <line num="196" count="0" type="stmt"/>
      <line num="200" count="8" type="stmt"/>
      <line num="201" count="8" type="stmt"/>
      <line num="203" count="8" type="stmt"/>
      <line num="204" count="13" type="cond" truecount="1" falsecount="0"/>
      <line num="205" count="7" type="stmt"/>
      <line num="206" count="7" type="cond" truecount="3" falsecount="0"/>
      <line num="207" count="6" type="stmt"/>
      <line num="208" count="6" type="stmt"/>
      <line num="209" count="6" type="stmt"/>
      <line num="214" count="8" type="cond" truecount="1" falsecount="0"/>
      <line num="216" count="6" type="cond" truecount="3" falsecount="0"/>
      <line num="219" count="5" type="cond" truecount="3" falsecount="0"/>
      <line num="220" count="4" type="cond" truecount="3" falsecount="0"/>
      <line num="223" count="2" type="stmt"/>
      <line num="224" count="2" type="stmt"/>
      <line num="225" count="2" type="stmt"/>
      <line num="226" count="2" type="stmt"/>
      <line num="227" count="2" type="cond" truecount="2" falsecount="1"/>
      <line num="229" count="2" type="cond" truecount="3" falsecount="3"/>
      <line num="230" count="2" type="stmt"/>
      <line num="234" count="2" type="stmt"/>
      <line num="235" count="1" type="stmt"/>
      <line num="236" count="1" type="cond" truecount="1" falsecount="0"/>
      <line num="237" count="1" type="cond" truecount="1" falsecount="0"/>
      <line num="238" count="0" type="cond" truecount="0" falsecount="1"/>
      <line num="239" count="0" type="stmt"/>
      <line num="240" count="0" type="cond" truecount="0" falsecount="1"/>
      <line num="241" count="0" type="stmt"/>
      <line num="246" count="1" type="stmt"/>
      <line num="250" count="0" type="stmt"/>
      <line num="251" count="0" type="stmt"/>
      <line num="252" count="0" type="stmt"/>
      <line num="253" count="0" type="cond" truecount="0" falsecount="1"/>
      <line num="254" count="0" type="stmt"/>
      <line num="255" count="0" type="cond" truecount="0" falsecount="1"/>
      <line num="256" count="0" type="stmt"/>
      <line num="259" count="0" type="stmt"/>
      <line num="263" count="0" type="cond" truecount="0" falsecount="3"/>
      <line num="264" count="0" type="stmt"/>
      <line num="267" count="0" type="stmt"/>
      <line num="268" count="0" type="stmt"/>
      <line num="270" count="0" type="stmt"/>
      <line num="271" count="0" type="stmt"/>
      <line num="273" count="0" type="cond" truecount="0" falsecount="1"/>
      <line num="274" count="0" type="stmt"/>
      <line num="277" count="0" type="stmt"/>
      <line num="278" count="0" type="stmt"/>
      <line num="280" count="0" type="stmt"/>
      <line num="281" count="0" type="cond" truecount="0" falsecount="1"/>
      <line num="282" count="0" type="stmt"/>
      <line num="283" count="0" type="stmt"/>
      <line num="288" count="0" type="stmt"/>
      <line num="292" count="2" type="stmt"/>
      <line num="293" count="2" type="stmt"/>
      <line num="295" count="2" type="stmt"/>
      <line num="297" count="3" type="stmt"/>
      <line num="298" count="1" type="cond" truecount="1" falsecount="0"/>
      <line num="299" count="1" type="stmt"/>
      <line num="302" count="3" type="stmt"/>
      <line num="303" count="2" type="cond" truecount="0" falsecount="1"/>
      <line num="304" count="0" type="stmt"/>
      <line num="307" count="3" type="stmt"/>
      <line num="308" count="1" type="cond" truecount="1" falsecount="1"/>
      <line num="309" count="0" type="stmt"/>
      <line num="312" count="1" type="stmt"/>
      <line num="313" count="1" type="cond" truecount="1" falsecount="0"/>
      <line num="314" count="1" type="stmt"/>
      <line num="320" count="3" type="cond" truecount="1" falsecount="0"/>
      <line num="321" count="1" type="stmt"/>
      <line num="325" count="2" type="stmt"/>
      <line num="330" count="1" type="stmt"/>
      <line num="337" count="21" type="stmt"/>
      <line num="338" count="21" type="stmt"/>
      <line num="339" count="21" type="stmt"/>
      <line num="341" count="21" type="stmt"/>
      <line num="342" count="51" type="stmt"/>
      <line num="343" count="51" type="stmt"/>
      <line num="345" count="51" type="cond" truecount="1" falsecount="0"/>
      <line num="346" count="51" type="stmt"/>
      <line num="347" count="31" type="cond" truecount="1" falsecount="0"/>
      <line num="348" count="30" type="stmt"/>
      <line num="349" count="30" type="stmt"/>
      <line num="350" count="30" type="stmt"/>
      <line num="355" count="21" type="stmt"/>
      <line num="359" count="1" type="stmt"/>
    </file>
  </project>
</coverage>
