{"/mnt/win3/work/family_tree/packages/family-tree-core/src/FamilyTreeCore.ts": {"path":"/mnt/win3/work/family_tree/packages/family-tree-core/src/FamilyTreeCore.ts","statementMap":{"0":{"start":{"line":2,"column":0},"end":{"line":2,"column":36}},"1":{"start":{"line":6,"column":10},"end":{"line":6,"column":48}},"2":{"start":{"line":10,"column":4},"end":{"line":10,"column":21}},"3":{"start":{"line":11,"column":4},"end":{"line":11,"column":69}},"4":{"start":{"line":11,"column":32},"end":{"line":11,"column":67}},"5":{"start":{"line":17,"column":15},"end":{"line":17,"column":27}},"6":{"start":{"line":18,"column":30},"end":{"line":24,"column":6}},"7":{"start":{"line":25,"column":4},"end":{"line":25,"column":36}},"8":{"start":{"line":26,"column":4},"end":{"line":26,"column":21}},"9":{"start":{"line":30,"column":4},"end":{"line":30,"column":32}},"10":{"start":{"line":34,"column":19},"end":{"line":34,"column":37}},"11":{"start":{"line":35,"column":4},"end":{"line":37,"column":5}},"12":{"start":{"line":36,"column":6},"end":{"line":36,"column":56}},"13":{"start":{"line":38,"column":26},"end":{"line":38,"column":51}},"14":{"start":{"line":39,"column":4},"end":{"line":39,"column":40}},"15":{"start":{"line":40,"column":4},"end":{"line":40,"column":25}},"16":{"start":{"line":44,"column":27},"end":{"line":44,"column":45}},"17":{"start":{"line":45,"column":4},"end":{"line":47,"column":5}},"18":{"start":{"line":46,"column":6},"end":{"line":46,"column":13}},"19":{"start":{"line":50,"column":4},"end":{"line":55,"column":7}},"20":{"start":{"line":51,"column":21},"end":{"line":51,"column":45}},"21":{"start":{"line":52,"column":6},"end":{"line":54,"column":7}},"22":{"start":{"line":53,"column":8},"end":{"line":53,"column":72}},"23":{"start":{"line":53,"column":60},"end":{"line":53,"column":70}},"24":{"start":{"line":58,"column":4},"end":{"line":63,"column":7}},"25":{"start":{"line":59,"column":20},"end":{"line":59,"column":43}},"26":{"start":{"line":60,"column":6},"end":{"line":62,"column":7}},"27":{"start":{"line":61,"column":8},"end":{"line":61,"column":70}},"28":{"start":{"line":61,"column":58},"end":{"line":61,"column":68}},"29":{"start":{"line":66,"column":4},"end":{"line":71,"column":7}},"30":{"start":{"line":67,"column":21},"end":{"line":67,"column":45}},"31":{"start":{"line":68,"column":6},"end":{"line":70,"column":7}},"32":{"start":{"line":69,"column":8},"end":{"line":69,"column":70}},"33":{"start":{"line":69,"column":58},"end":{"line":69,"column":68}},"34":{"start":{"line":73,"column":4},"end":{"line":73,"column":28}},"35":{"start":{"line":77,"column":26},"end":{"line":77,"column":44}},"36":{"start":{"line":78,"column":4},"end":{"line":82,"column":5}},"37":{"start":{"line":79,"column":6},"end":{"line":81,"column":7}},"38":{"start":{"line":80,"column":8},"end":{"line":80,"column":22}},"39":{"start":{"line":83,"column":4},"end":{"line":83,"column":21}},"40":{"start":{"line":87,"column":4},"end":{"line":87,"column":45}},"41":{"start":{"line":93,"column":19},"end":{"line":93,"column":43}},"42":{"start":{"line":94,"column":4},"end":{"line":96,"column":5}},"43":{"start":{"line":95,"column":6},"end":{"line":95,"column":62}},"44":{"start":{"line":98,"column":4},"end":{"line":100,"column":5}},"45":{"start":{"line":99,"column":6},"end":{"line":99,"column":92}},"46":{"start":{"line":102,"column":4},"end":{"line":107,"column":5}},"47":{"start":{"line":106,"column":6},"end":{"line":106,"column":90}},"48":{"start":{"line":109,"column":22},"end":{"line":109,"column":49}},"49":{"start":{"line":110,"column":4},"end":{"line":110,"column":40}},"50":{"start":{"line":111,"column":4},"end":{"line":111,"column":40}},"51":{"start":{"line":113,"column":4},"end":{"line":113,"column":21}},"52":{"start":{"line":117,"column":19},"end":{"line":117,"column":43}},"53":{"start":{"line":118,"column":19},"end":{"line":118,"column":43}},"54":{"start":{"line":120,"column":4},"end":{"line":123,"column":5}},"55":{"start":{"line":122,"column":6},"end":{"line":122,"column":13}},"56":{"start":{"line":125,"column":4},"end":{"line":125,"column":72}},"57":{"start":{"line":125,"column":55},"end":{"line":125,"column":70}},"58":{"start":{"line":126,"column":4},"end":{"line":126,"column":72}},"59":{"start":{"line":126,"column":55},"end":{"line":126,"column":70}},"60":{"start":{"line":130,"column":20},"end":{"line":130,"column":44}},"61":{"start":{"line":131,"column":4},"end":{"line":133,"column":5}},"62":{"start":{"line":132,"column":6},"end":{"line":132,"column":62}},"63":{"start":{"line":135,"column":20},"end":{"line":135,"column":29}},"64":{"start":{"line":136,"column":4},"end":{"line":142,"column":5}},"65":{"start":{"line":137,"column":22},"end":{"line":137,"column":52}},"66":{"start":{"line":138,"column":6},"end":{"line":140,"column":7}},"67":{"start":{"line":139,"column":8},"end":{"line":139,"column":70}},"68":{"start":{"line":141,"column":6},"end":{"line":141,"column":28}},"69":{"start":{"line":144,"column":4},"end":{"line":146,"column":5}},"70":{"start":{"line":145,"column":6},"end":{"line":145,"column":78}},"71":{"start":{"line":148,"column":4},"end":{"line":150,"column":5}},"72":{"start":{"line":149,"column":6},"end":{"line":149,"column":109}},"73":{"start":{"line":152,"column":21},"end":{"line":152,"column":47}},"74":{"start":{"line":153,"column":4},"end":{"line":153,"column":57}},"75":{"start":{"line":153,"column":50},"end":{"line":153,"column":54}},"76":{"start":{"line":154,"column":4},"end":{"line":154,"column":57}},"77":{"start":{"line":154,"column":27},"end":{"line":154,"column":55}},"78":{"start":{"line":156,"column":4},"end":{"line":156,"column":20}},"79":{"start":{"line":160,"column":19},"end":{"line":160,"column":43}},"80":{"start":{"line":161,"column":18},"end":{"line":161,"column":41}},"81":{"start":{"line":163,"column":4},"end":{"line":165,"column":5}},"82":{"start":{"line":164,"column":6},"end":{"line":164,"column":13}},"83":{"start":{"line":167,"column":4},"end":{"line":167,"column":69}},"84":{"start":{"line":167,"column":53},"end":{"line":167,"column":67}},"85":{"start":{"line":168,"column":4},"end":{"line":168,"column":70}},"86":{"start":{"line":168,"column":53},"end":{"line":168,"column":68}},"87":{"start":{"line":174,"column":4},"end":{"line":174,"column":35}},"88":{"start":{"line":174,"column":21},"end":{"line":174,"column":35}},"89":{"start":{"line":175,"column":14},"end":{"line":175,"column":33}},"90":{"start":{"line":176,"column":14},"end":{"line":176,"column":33}},"91":{"start":{"line":177,"column":4},"end":{"line":177,"column":35}},"92":{"start":{"line":177,"column":18},"end":{"line":177,"column":35}},"93":{"start":{"line":180,"column":4},"end":{"line":180,"column":51}},"94":{"start":{"line":180,"column":35},"end":{"line":180,"column":51}},"95":{"start":{"line":181,"column":4},"end":{"line":181,"column":50}},"96":{"start":{"line":181,"column":34},"end":{"line":181,"column":50}},"97":{"start":{"line":182,"column":4},"end":{"line":182,"column":50}},"98":{"start":{"line":182,"column":35},"end":{"line":182,"column":50}},"99":{"start":{"line":184,"column":23},"end":{"line":184,"column":57}},"100":{"start":{"line":185,"column":23},"end":{"line":185,"column":57}},"101":{"start":{"line":188,"column":4},"end":{"line":192,"column":5}},"102":{"start":{"line":189,"column":23},"end":{"line":189,"column":43}},"103":{"start":{"line":190,"column":6},"end":{"line":190,"column":47}},"104":{"start":{"line":190,"column":26},"end":{"line":190,"column":47}},"105":{"start":{"line":191,"column":6},"end":{"line":191,"column":59}},"106":{"start":{"line":193,"column":4},"end":{"line":197,"column":5}},"107":{"start":{"line":194,"column":23},"end":{"line":194,"column":43}},"108":{"start":{"line":195,"column":6},"end":{"line":195,"column":46}},"109":{"start":{"line":195,"column":26},"end":{"line":195,"column":46}},"110":{"start":{"line":196,"column":6},"end":{"line":196,"column":58}},"111":{"start":{"line":200,"column":49},"end":{"line":200,"column":53}},"112":{"start":{"line":201,"column":16},"end":{"line":201,"column":18}},"113":{"start":{"line":201,"column":28},"end":{"line":201,"column":30}},"114":{"start":{"line":203,"column":4},"end":{"line":212,"column":5}},"115":{"start":{"line":204,"column":6},"end":{"line":211,"column":7}},"116":{"start":{"line":205,"column":19},"end":{"line":205,"column":46}},"117":{"start":{"line":206,"column":8},"end":{"line":210,"column":9}},"118":{"start":{"line":207,"column":10},"end":{"line":207,"column":45}},"119":{"start":{"line":208,"column":10},"end":{"line":208,"column":21}},"120":{"start":{"line":209,"column":10},"end":{"line":209,"column":21}},"121":{"start":{"line":214,"column":4},"end":{"line":231,"column":5}},"122":{"start":{"line":216,"column":6},"end":{"line":216,"column":55}},"123":{"start":{"line":216,"column":38},"end":{"line":216,"column":55}},"124":{"start":{"line":219,"column":6},"end":{"line":219,"column":85}},"125":{"start":{"line":219,"column":36},"end":{"line":219,"column":85}},"126":{"start":{"line":220,"column":6},"end":{"line":220,"column":87}},"127":{"start":{"line":220,"column":36},"end":{"line":220,"column":87}},"128":{"start":{"line":223,"column":26},"end":{"line":223,"column":52}},"129":{"start":{"line":224,"column":22},"end":{"line":224,"column":45}},"130":{"start":{"line":225,"column":22},"end":{"line":228,"column":7}},"131":{"start":{"line":226,"column":18},"end":{"line":226,"column":42}},"132":{"start":{"line":226,"column":48},"end":{"line":226,"column":55}},"133":{"start":{"line":227,"column":8},"end":{"line":227,"column":54}},"134":{"start":{"line":229,"column":25},"end":{"line":229,"column":128}},"135":{"start":{"line":230,"column":6},"end":{"line":230,"column":59}},"136":{"start":{"line":234,"column":4},"end":{"line":244,"column":5}},"137":{"start":{"line":235,"column":21},"end":{"line":235,"column":45}},"138":{"start":{"line":236,"column":6},"end":{"line":243,"column":7}},"139":{"start":{"line":237,"column":8},"end":{"line":237,"column":67}},"140":{"start":{"line":237,"column":44},"end":{"line":237,"column":67}},"141":{"start":{"line":238,"column":8},"end":{"line":238,"column":65}},"142":{"start":{"line":238,"column":43},"end":{"line":238,"column":65}},"143":{"start":{"line":239,"column":32},"end":{"line":239,"column":71}},"144":{"start":{"line":240,"column":8},"end":{"line":242,"column":9}},"145":{"start":{"line":240,"column":66},"end":{"line":240,"column":98}},"146":{"start":{"line":241,"column":12},"end":{"line":241,"column":36}},"147":{"start":{"line":246,"column":4},"end":{"line":246,"column":21}},"148":{"start":{"line":250,"column":34},"end":{"line":250,"column":36}},"149":{"start":{"line":251,"column":26},"end":{"line":251,"column":44}},"150":{"start":{"line":252,"column":4},"end":{"line":258,"column":5}},"151":{"start":{"line":253,"column":6},"end":{"line":253,"column":48}},"152":{"start":{"line":253,"column":39},"end":{"line":253,"column":48}},"153":{"start":{"line":254,"column":27},"end":{"line":254,"column":77}},"154":{"start":{"line":255,"column":6},"end":{"line":257,"column":7}},"155":{"start":{"line":256,"column":8},"end":{"line":256,"column":39}},"156":{"start":{"line":259,"column":4},"end":{"line":259,"column":21}},"157":{"start":{"line":263,"column":4},"end":{"line":265,"column":5}},"158":{"start":{"line":264,"column":6},"end":{"line":264,"column":16}},"159":{"start":{"line":267,"column":56},"end":{"line":267,"column":88}},"160":{"start":{"line":268,"column":20},"end":{"line":268,"column":47}},"161":{"start":{"line":270,"column":4},"end":{"line":286,"column":5}},"162":{"start":{"line":271,"column":27},"end":{"line":271,"column":41}},"163":{"start":{"line":273,"column":6},"end":{"line":275,"column":7}},"164":{"start":{"line":274,"column":8},"end":{"line":274,"column":20}},"165":{"start":{"line":277,"column":21},"end":{"line":277,"column":40}},"166":{"start":{"line":278,"column":24},"end":{"line":278,"column":86}},"167":{"start":{"line":280,"column":6},"end":{"line":285,"column":7}},"168":{"start":{"line":281,"column":8},"end":{"line":284,"column":9}},"169":{"start":{"line":282,"column":10},"end":{"line":282,"column":34}},"170":{"start":{"line":283,"column":10},"end":{"line":283,"column":70}},"171":{"start":{"line":288,"column":4},"end":{"line":288,"column":14}},"172":{"start":{"line":292,"column":29},"end":{"line":292,"column":31}},"173":{"start":{"line":293,"column":31},"end":{"line":293,"column":33}},"174":{"start":{"line":295,"column":4},"end":{"line":323,"column":5}},"175":{"start":{"line":297,"column":6},"end":{"line":301,"column":7}},"176":{"start":{"line":298,"column":8},"end":{"line":300,"column":9}},"177":{"start":{"line":299,"column":10},"end":{"line":299,"column":93}},"178":{"start":{"line":302,"column":6},"end":{"line":306,"column":7}},"179":{"start":{"line":303,"column":8},"end":{"line":305,"column":9}},"180":{"start":{"line":304,"column":10},"end":{"line":304,"column":93}},"181":{"start":{"line":307,"column":6},"end":{"line":317,"column":7}},"182":{"start":{"line":308,"column":8},"end":{"line":316,"column":9}},"183":{"start":{"line":309,"column":10},"end":{"line":309,"column":91}},"184":{"start":{"line":312,"column":28},"end":{"line":312,"column":68}},"185":{"start":{"line":313,"column":10},"end":{"line":315,"column":11}},"186":{"start":{"line":314,"column":12},"end":{"line":314,"column":104}},"187":{"start":{"line":320,"column":6},"end":{"line":322,"column":7}},"188":{"start":{"line":321,"column":8},"end":{"line":321,"column":87}},"189":{"start":{"line":325,"column":4},"end":{"line":325,"column":32}},"190":{"start":{"line":330,"column":4},"end":{"line":333,"column":6}},"191":{"start":{"line":337,"column":22},"end":{"line":337,"column":49}},"192":{"start":{"line":338,"column":56},"end":{"line":338,"column":87}},"193":{"start":{"line":339,"column":20},"end":{"line":339,"column":49}},"194":{"start":{"line":341,"column":4},"end":{"line":354,"column":5}},"195":{"start":{"line":342,"column":31},"end":{"line":342,"column":45}},"196":{"start":{"line":343,"column":21},"end":{"line":343,"column":39}},"197":{"start":{"line":345,"column":6},"end":{"line":353,"column":7}},"198":{"start":{"line":346,"column":8},"end":{"line":352,"column":9}},"199":{"start":{"line":347,"column":10},"end":{"line":351,"column":11}},"200":{"start":{"line":348,"column":12},"end":{"line":348,"column":34}},"201":{"start":{"line":349,"column":12},"end":{"line":349,"column":50}},"202":{"start":{"line":350,"column":12},"end":{"line":350,"column":65}},"203":{"start":{"line":355,"column":4},"end":{"line":355,"column":21}},"204":{"start":{"line":359,"column":4},"end":{"line":359,"column":61}},"205":{"start":{"line":5,"column":0},"end":{"line":5,"column":13}}},"fnMap":{"0":{"name":"(anonymous_0)","decl":{"start":{"line":9,"column":2},"end":{"line":9,"column":14}},"loc":{"start":{"line":9,"column":48},"end":{"line":12,"column":3}}},"1":{"name":"(anonymous_1)","decl":{"start":{"line":11,"column":20},"end":{"line":11,"column":21}},"loc":{"start":{"line":11,"column":32},"end":{"line":11,"column":67}}},"2":{"name":"(anonymous_2)","decl":{"start":{"line":16,"column":2},"end":{"line":16,"column":11}},"loc":{"start":{"line":16,"column":30},"end":{"line":27,"column":3}}},"3":{"name":"(anonymous_3)","decl":{"start":{"line":29,"column":2},"end":{"line":29,"column":11}},"loc":{"start":{"line":29,"column":24},"end":{"line":31,"column":3}}},"4":{"name":"(anonymous_4)","decl":{"start":{"line":33,"column":2},"end":{"line":33,"column":14}},"loc":{"start":{"line":33,"column":58},"end":{"line":41,"column":3}}},"5":{"name":"(anonymous_5)","decl":{"start":{"line":43,"column":2},"end":{"line":43,"column":14}},"loc":{"start":{"line":43,"column":27},"end":{"line":74,"column":3}}},"6":{"name":"(anonymous_6)","decl":{"start":{"line":50,"column":37},"end":{"line":50,"column":38}},"loc":{"start":{"line":50,"column":50},"end":{"line":55,"column":5}}},"7":{"name":"(anonymous_7)","decl":{"start":{"line":53,"column":51},"end":{"line":53,"column":52}},"loc":{"start":{"line":53,"column":60},"end":{"line":53,"column":70}}},"8":{"name":"(anonymous_8)","decl":{"start":{"line":58,"column":36},"end":{"line":58,"column":37}},"loc":{"start":{"line":58,"column":48},"end":{"line":63,"column":5}}},"9":{"name":"(anonymous_9)","decl":{"start":{"line":61,"column":49},"end":{"line":61,"column":50}},"loc":{"start":{"line":61,"column":58},"end":{"line":61,"column":68}}},"10":{"name":"(anonymous_10)","decl":{"start":{"line":66,"column":37},"end":{"line":66,"column":38}},"loc":{"start":{"line":66,"column":50},"end":{"line":71,"column":5}}},"11":{"name":"(anonymous_11)","decl":{"start":{"line":69,"column":49},"end":{"line":69,"column":50}},"loc":{"start":{"line":69,"column":58},"end":{"line":69,"column":68}}},"12":{"name":"(anonymous_12)","decl":{"start":{"line":76,"column":2},"end":{"line":76,"column":18}},"loc":{"start":{"line":76,"column":31},"end":{"line":84,"column":3}}},"13":{"name":"(anonymous_13)","decl":{"start":{"line":86,"column":2},"end":{"line":86,"column":13}},"loc":{"start":{"line":86,"column":13},"end":{"line":88,"column":3}}},"14":{"name":"(anonymous_14)","decl":{"start":{"line":92,"column":2},"end":{"line":92,"column":11}},"loc":{"start":{"line":92,"column":56},"end":{"line":114,"column":3}}},"15":{"name":"(anonymous_15)","decl":{"start":{"line":116,"column":2},"end":{"line":116,"column":14}},"loc":{"start":{"line":116,"column":53},"end":{"line":127,"column":3}}},"16":{"name":"(anonymous_16)","decl":{"start":{"line":125,"column":47},"end":{"line":125,"column":48}},"loc":{"start":{"line":125,"column":55},"end":{"line":125,"column":70}}},"17":{"name":"(anonymous_17)","decl":{"start":{"line":126,"column":47},"end":{"line":126,"column":48}},"loc":{"start":{"line":126,"column":55},"end":{"line":126,"column":70}}},"18":{"name":"(anonymous_18)","decl":{"start":{"line":129,"column":2},"end":{"line":129,"column":10}},"loc":{"start":{"line":129,"column":81},"end":{"line":157,"column":3}}},"19":{"name":"(anonymous_19)","decl":{"start":{"line":153,"column":43},"end":{"line":153,"column":44}},"loc":{"start":{"line":153,"column":50},"end":{"line":153,"column":54}}},"20":{"name":"(anonymous_20)","decl":{"start":{"line":154,"column":20},"end":{"line":154,"column":21}},"loc":{"start":{"line":154,"column":27},"end":{"line":154,"column":55}}},"21":{"name":"(anonymous_21)","decl":{"start":{"line":159,"column":2},"end":{"line":159,"column":13}},"loc":{"start":{"line":159,"column":51},"end":{"line":169,"column":3}}},"22":{"name":"(anonymous_22)","decl":{"start":{"line":167,"column":45},"end":{"line":167,"column":46}},"loc":{"start":{"line":167,"column":53},"end":{"line":167,"column":67}}},"23":{"name":"(anonymous_23)","decl":{"start":{"line":168,"column":45},"end":{"line":168,"column":46}},"loc":{"start":{"line":168,"column":53},"end":{"line":168,"column":68}}},"24":{"name":"(anonymous_24)","decl":{"start":{"line":173,"column":2},"end":{"line":173,"column":21}},"loc":{"start":{"line":173,"column":50},"end":{"line":247,"column":3}}},"25":{"name":"(anonymous_25)","decl":{"start":{"line":225,"column":22},"end":{"line":225,"column":23}},"loc":{"start":{"line":225,"column":36},"end":{"line":228,"column":7}}},"26":{"name":"(anonymous_26)","decl":{"start":{"line":240,"column":52},"end":{"line":240,"column":62}},"loc":{"start":{"line":240,"column":66},"end":{"line":240,"column":98}}},"27":{"name":"(anonymous_27)","decl":{"start":{"line":249,"column":2},"end":{"line":249,"column":15}},"loc":{"start":{"line":249,"column":48},"end":{"line":260,"column":3}}},"28":{"name":"(anonymous_28)","decl":{"start":{"line":262,"column":2},"end":{"line":262,"column":10}},"loc":{"start":{"line":262,"column":43},"end":{"line":289,"column":3}}},"29":{"name":"(anonymous_29)","decl":{"start":{"line":291,"column":2},"end":{"line":291,"column":10}},"loc":{"start":{"line":291,"column":10},"end":{"line":326,"column":3}}},"30":{"name":"(anonymous_30)","decl":{"start":{"line":329,"column":2},"end":{"line":329,"column":11}},"loc":{"start":{"line":329,"column":11},"end":{"line":334,"column":3}}},"31":{"name":"(anonymous_31)","decl":{"start":{"line":336,"column":10},"end":{"line":336,"column":34}},"loc":{"start":{"line":336,"column":53},"end":{"line":356,"column":3}}},"32":{"name":"(anonymous_32)","decl":{"start":{"line":358,"column":2},"end":{"line":358,"column":8}},"loc":{"start":{"line":358,"column":66},"end":{"line":360,"column":3}}}},"branchMap":{"0":{"loc":{"start":{"line":9,"column":26},"end":{"line":9,"column":48}},"type":"default-arg","locations":[{"start":{"line":9,"column":46},"end":{"line":9,"column":48}}]},"1":{"loc":{"start":{"line":35,"column":4},"end":{"line":37,"column":5}},"type":"if","locations":[{"start":{"line":35,"column":4},"end":{"line":37,"column":5}}]},"2":{"loc":{"start":{"line":45,"column":4},"end":{"line":47,"column":5}},"type":"if","locations":[{"start":{"line":45,"column":4},"end":{"line":47,"column":5}}]},"3":{"loc":{"start":{"line":52,"column":6},"end":{"line":54,"column":7}},"type":"if","locations":[{"start":{"line":52,"column":6},"end":{"line":54,"column":7}}]},"4":{"loc":{"start":{"line":60,"column":6},"end":{"line":62,"column":7}},"type":"if","locations":[{"start":{"line":60,"column":6},"end":{"line":62,"column":7}}]},"5":{"loc":{"start":{"line":68,"column":6},"end":{"line":70,"column":7}},"type":"if","locations":[{"start":{"line":68,"column":6},"end":{"line":70,"column":7}}]},"6":{"loc":{"start":{"line":79,"column":6},"end":{"line":81,"column":7}},"type":"if","locations":[{"start":{"line":79,"column":6},"end":{"line":81,"column":7}}]},"7":{"loc":{"start":{"line":94,"column":4},"end":{"line":96,"column":5}},"type":"if","locations":[{"start":{"line":94,"column":4},"end":{"line":96,"column":5}}]},"8":{"loc":{"start":{"line":98,"column":4},"end":{"line":100,"column":5}},"type":"if","locations":[{"start":{"line":98,"column":4},"end":{"line":100,"column":5}}]},"9":{"loc":{"start":{"line":98,"column":8},"end":{"line":98,"column":66}},"type":"binary-expr","locations":[{"start":{"line":98,"column":8},"end":{"line":98,"column":35}},{"start":{"line":98,"column":39},"end":{"line":98,"column":66}}]},"10":{"loc":{"start":{"line":102,"column":4},"end":{"line":107,"column":5}},"type":"if","locations":[{"start":{"line":102,"column":4},"end":{"line":107,"column":5}}]},"11":{"loc":{"start":{"line":103,"column":6},"end":{"line":104,"column":71}},"type":"binary-expr","locations":[{"start":{"line":103,"column":6},"end":{"line":103,"column":44}},{"start":{"line":104,"column":6},"end":{"line":104,"column":71}}]},"12":{"loc":{"start":{"line":120,"column":4},"end":{"line":123,"column":5}},"type":"if","locations":[{"start":{"line":120,"column":4},"end":{"line":123,"column":5}}]},"13":{"loc":{"start":{"line":120,"column":8},"end":{"line":120,"column":26}},"type":"binary-expr","locations":[{"start":{"line":120,"column":8},"end":{"line":120,"column":15}},{"start":{"line":120,"column":19},"end":{"line":120,"column":26}}]},"14":{"loc":{"start":{"line":131,"column":4},"end":{"line":133,"column":5}},"type":"if","locations":[{"start":{"line":131,"column":4},"end":{"line":133,"column":5}}]},"15":{"loc":{"start":{"line":136,"column":4},"end":{"line":142,"column":5}},"type":"if","locations":[{"start":{"line":136,"column":4},"end":{"line":142,"column":5}}]},"16":{"loc":{"start":{"line":138,"column":6},"end":{"line":140,"column":7}},"type":"if","locations":[{"start":{"line":138,"column":6},"end":{"line":140,"column":7}}]},"17":{"loc":{"start":{"line":144,"column":4},"end":{"line":146,"column":5}},"type":"if","locations":[{"start":{"line":144,"column":4},"end":{"line":146,"column":5}}]},"18":{"loc":{"start":{"line":144,"column":8},"end":{"line":144,"column":67}},"type":"binary-expr","locations":[{"start":{"line":144,"column":8},"end":{"line":144,"column":45}},{"start":{"line":144,"column":49},"end":{"line":144,"column":67}}]},"19":{"loc":{"start":{"line":148,"column":4},"end":{"line":150,"column":5}},"type":"if","locations":[{"start":{"line":148,"column":4},"end":{"line":150,"column":5}}]},"20":{"loc":{"start":{"line":148,"column":8},"end":{"line":148,"column":103}},"type":"binary-expr","locations":[{"start":{"line":148,"column":8},"end":{"line":148,"column":45}},{"start":{"line":148,"column":49},"end":{"line":148,"column":103}}]},"21":{"loc":{"start":{"line":163,"column":4},"end":{"line":165,"column":5}},"type":"if","locations":[{"start":{"line":163,"column":4},"end":{"line":165,"column":5}}]},"22":{"loc":{"start":{"line":163,"column":8},"end":{"line":163,"column":25}},"type":"binary-expr","locations":[{"start":{"line":163,"column":8},"end":{"line":163,"column":15}},{"start":{"line":163,"column":19},"end":{"line":163,"column":25}}]},"23":{"loc":{"start":{"line":174,"column":4},"end":{"line":174,"column":35}},"type":"if","locations":[{"start":{"line":174,"column":4},"end":{"line":174,"column":35}}]},"24":{"loc":{"start":{"line":177,"column":4},"end":{"line":177,"column":35}},"type":"if","locations":[{"start":{"line":177,"column":4},"end":{"line":177,"column":35}}]},"25":{"loc":{"start":{"line":177,"column":8},"end":{"line":177,"column":16}},"type":"binary-expr","locations":[{"start":{"line":177,"column":8},"end":{"line":177,"column":10}},{"start":{"line":177,"column":14},"end":{"line":177,"column":16}}]},"26":{"loc":{"start":{"line":180,"column":4},"end":{"line":180,"column":51}},"type":"if","locations":[{"start":{"line":180,"column":4},"end":{"line":180,"column":51}}]},"27":{"loc":{"start":{"line":181,"column":4},"end":{"line":181,"column":50}},"type":"if","locations":[{"start":{"line":181,"column":4},"end":{"line":181,"column":50}}]},"28":{"loc":{"start":{"line":182,"column":4},"end":{"line":182,"column":50}},"type":"if","locations":[{"start":{"line":182,"column":4},"end":{"line":182,"column":50}}]},"29":{"loc":{"start":{"line":188,"column":4},"end":{"line":192,"column":5}},"type":"if","locations":[{"start":{"line":188,"column":4},"end":{"line":192,"column":5}}]},"30":{"loc":{"start":{"line":190,"column":6},"end":{"line":190,"column":47}},"type":"if","locations":[{"start":{"line":190,"column":6},"end":{"line":190,"column":47}}]},"31":{"loc":{"start":{"line":193,"column":4},"end":{"line":197,"column":5}},"type":"if","locations":[{"start":{"line":193,"column":4},"end":{"line":197,"column":5}}]},"32":{"loc":{"start":{"line":195,"column":6},"end":{"line":195,"column":46}},"type":"if","locations":[{"start":{"line":195,"column":6},"end":{"line":195,"column":46}}]},"33":{"loc":{"start":{"line":204,"column":6},"end":{"line":211,"column":7}},"type":"if","locations":[{"start":{"line":204,"column":6},"end":{"line":211,"column":7}}]},"34":{"loc":{"start":{"line":206,"column":8},"end":{"line":210,"column":9}},"type":"if","locations":[{"start":{"line":206,"column":8},"end":{"line":210,"column":9}}]},"35":{"loc":{"start":{"line":206,"column":12},"end":{"line":206,"column":73}},"type":"binary-expr","locations":[{"start":{"line":206,"column":12},"end":{"line":206,"column":42}},{"start":{"line":206,"column":46},"end":{"line":206,"column":73}}]},"36":{"loc":{"start":{"line":214,"column":4},"end":{"line":231,"column":5}},"type":"if","locations":[{"start":{"line":214,"column":4},"end":{"line":231,"column":5}}]},"37":{"loc":{"start":{"line":216,"column":6},"end":{"line":216,"column":55}},"type":"if","locations":[{"start":{"line":216,"column":6},"end":{"line":216,"column":55}}]},"38":{"loc":{"start":{"line":216,"column":10},"end":{"line":216,"column":36}},"type":"binary-expr","locations":[{"start":{"line":216,"column":10},"end":{"line":216,"column":21}},{"start":{"line":216,"column":25},"end":{"line":216,"column":36}}]},"39":{"loc":{"start":{"line":219,"column":6},"end":{"line":219,"column":85}},"type":"if","locations":[{"start":{"line":219,"column":6},"end":{"line":219,"column":85}}]},"40":{"loc":{"start":{"line":219,"column":10},"end":{"line":219,"column":34}},"type":"binary-expr","locations":[{"start":{"line":219,"column":10},"end":{"line":219,"column":21}},{"start":{"line":219,"column":25},"end":{"line":219,"column":34}}]},"41":{"loc":{"start":{"line":220,"column":6},"end":{"line":220,"column":87}},"type":"if","locations":[{"start":{"line":220,"column":6},"end":{"line":220,"column":87}}]},"42":{"loc":{"start":{"line":220,"column":10},"end":{"line":220,"column":34}},"type":"binary-expr","locations":[{"start":{"line":220,"column":10},"end":{"line":220,"column":21}},{"start":{"line":220,"column":25},"end":{"line":220,"column":34}}]},"43":{"loc":{"start":{"line":227,"column":20},"end":{"line":227,"column":52}},"type":"binary-expr","locations":[{"start":{"line":227,"column":20},"end":{"line":227,"column":36}},{"start":{"line":227,"column":40},"end":{"line":227,"column":44}},{"start":{"line":227,"column":48},"end":{"line":227,"column":52}}]},"44":{"loc":{"start":{"line":229,"column":25},"end":{"line":229,"column":128}},"type":"cond-expr","locations":[{"start":{"line":229,"column":39},"end":{"line":229,"column":123}},{"start":{"line":229,"column":126},"end":{"line":229,"column":128}}]},"45":{"loc":{"start":{"line":229,"column":44},"end":{"line":229,"column":113}},"type":"cond-expr","locations":[{"start":{"line":229,"column":60},"end":{"line":229,"column":66}},{"start":{"line":229,"column":69},"end":{"line":229,"column":113}}]},"46":{"loc":{"start":{"line":229,"column":69},"end":{"line":229,"column":113}},"type":"cond-expr","locations":[{"start":{"line":229,"column":85},"end":{"line":229,"column":92}},{"start":{"line":229,"column":95},"end":{"line":229,"column":113}}]},"47":{"loc":{"start":{"line":236,"column":6},"end":{"line":243,"column":7}},"type":"if","locations":[{"start":{"line":236,"column":6},"end":{"line":243,"column":7}}]},"48":{"loc":{"start":{"line":237,"column":8},"end":{"line":237,"column":67}},"type":"if","locations":[{"start":{"line":237,"column":8},"end":{"line":237,"column":67}}]},"49":{"loc":{"start":{"line":238,"column":8},"end":{"line":238,"column":65}},"type":"if","locations":[{"start":{"line":238,"column":8},"end":{"line":238,"column":65}}]},"50":{"loc":{"start":{"line":240,"column":8},"end":{"line":242,"column":9}},"type":"if","locations":[{"start":{"line":240,"column":8},"end":{"line":242,"column":9}}]},"51":{"loc":{"start":{"line":253,"column":6},"end":{"line":253,"column":48}},"type":"if","locations":[{"start":{"line":253,"column":6},"end":{"line":253,"column":48}}]},"52":{"loc":{"start":{"line":255,"column":6},"end":{"line":257,"column":7}},"type":"if","locations":[{"start":{"line":255,"column":6},"end":{"line":257,"column":7}}]},"53":{"loc":{"start":{"line":263,"column":4},"end":{"line":265,"column":5}},"type":"if","locations":[{"start":{"line":263,"column":4},"end":{"line":265,"column":5}}]},"54":{"loc":{"start":{"line":263,"column":8},"end":{"line":263,"column":60}},"type":"binary-expr","locations":[{"start":{"line":263,"column":8},"end":{"line":263,"column":33}},{"start":{"line":263,"column":37},"end":{"line":263,"column":60}}]},"55":{"loc":{"start":{"line":273,"column":6},"end":{"line":275,"column":7}},"type":"if","locations":[{"start":{"line":273,"column":6},"end":{"line":275,"column":7}}]},"56":{"loc":{"start":{"line":281,"column":8},"end":{"line":284,"column":9}},"type":"if","locations":[{"start":{"line":281,"column":8},"end":{"line":284,"column":9}}]},"57":{"loc":{"start":{"line":298,"column":8},"end":{"line":300,"column":9}},"type":"if","locations":[{"start":{"line":298,"column":8},"end":{"line":300,"column":9}}]},"58":{"loc":{"start":{"line":303,"column":8},"end":{"line":305,"column":9}},"type":"if","locations":[{"start":{"line":303,"column":8},"end":{"line":305,"column":9}}]},"59":{"loc":{"start":{"line":308,"column":8},"end":{"line":316,"column":9}},"type":"if","locations":[{"start":{"line":308,"column":8},"end":{"line":316,"column":9}},{"start":{"line":310,"column":15},"end":{"line":316,"column":9}}]},"60":{"loc":{"start":{"line":313,"column":10},"end":{"line":315,"column":11}},"type":"if","locations":[{"start":{"line":313,"column":10},"end":{"line":315,"column":11}}]},"61":{"loc":{"start":{"line":320,"column":6},"end":{"line":322,"column":7}},"type":"if","locations":[{"start":{"line":320,"column":6},"end":{"line":322,"column":7}}]},"62":{"loc":{"start":{"line":345,"column":6},"end":{"line":353,"column":7}},"type":"if","locations":[{"start":{"line":345,"column":6},"end":{"line":353,"column":7}}]},"63":{"loc":{"start":{"line":347,"column":10},"end":{"line":351,"column":11}},"type":"if","locations":[{"start":{"line":347,"column":10},"end":{"line":351,"column":11}}]}},"s":{"0":3,"1":24,"2":24,"3":24,"4":3,"5":54,"6":54,"7":54,"8":54,"9":134,"10":5,"11":5,"12":1,"13":4,"14":4,"15":4,"16":1,"17":1,"18":0,"19":1,"20":0,"21":0,"22":0,"23":0,"24":1,"25":1,"26":1,"27":1,"28":1,"29":1,"30":0,"31":0,"32":0,"33":0,"34":1,"35":7,"36":7,"37":20,"38":7,"39":0,"40":3,"41":10,"42":10,"43":1,"44":9,"45":1,"46":8,"47":1,"48":7,"49":7,"50":7,"51":7,"52":1,"53":1,"54":1,"55":0,"56":1,"57":1,"58":1,"59":1,"60":23,"61":23,"62":1,"63":22,"64":22,"65":4,"66":4,"67":0,"68":4,"69":22,"70":1,"71":21,"72":0,"73":21,"74":21,"75":25,"76":21,"77":25,"78":21,"79":0,"80":0,"81":0,"82":0,"83":0,"84":0,"85":0,"86":0,"87":14,"88":1,"89":13,"90":13,"91":13,"92":0,"93":13,"94":1,"95":12,"96":1,"97":11,"98":1,"99":10,"100":10,"101":10,"102":1,"103":1,"104":1,"105":0,"106":9,"107":1,"108":1,"109":1,"110":0,"111":8,"112":8,"113":8,"114":8,"115":13,"116":7,"117":7,"118":6,"119":6,"120":6,"121":8,"122":6,"123":1,"124":5,"125":1,"126":4,"127":2,"128":2,"129":2,"130":2,"131":2,"132":2,"133":2,"134":2,"135":2,"136":2,"137":1,"138":1,"139":1,"140":1,"141":0,"142":0,"143":0,"144":0,"145":0,"146":0,"147":1,"148":0,"149":0,"150":0,"151":0,"152":0,"153":0,"154":0,"155":0,"156":0,"157":0,"158":0,"159":0,"160":0,"161":0,"162":0,"163":0,"164":0,"165":0,"166":0,"167":0,"168":0,"169":0,"170":0,"171":0,"172":2,"173":2,"174":2,"175":3,"176":1,"177":1,"178":3,"179":2,"180":0,"181":3,"182":1,"183":0,"184":1,"185":1,"186":1,"187":3,"188":1,"189":2,"190":1,"191":21,"192":21,"193":21,"194":21,"195":51,"196":51,"197":51,"198":51,"199":31,"200":30,"201":30,"202":30,"203":21,"204":1,"205":3},"f":{"0":24,"1":3,"2":54,"3":134,"4":5,"5":1,"6":0,"7":0,"8":1,"9":1,"10":0,"11":0,"12":7,"13":3,"14":10,"15":1,"16":1,"17":1,"18":23,"19":25,"20":25,"21":0,"22":0,"23":0,"24":14,"25":2,"26":0,"27":0,"28":0,"29":2,"30":1,"31":21,"32":1},"b":{"0":[23],"1":[1],"2":[0],"3":[0],"4":[1],"5":[0],"6":[7],"7":[1],"8":[1],"9":[9,5],"10":[1],"11":[8,4],"12":[0],"13":[1,1],"14":[1],"15":[4],"16":[0],"17":[1],"18":[22,1],"19":[0],"20":[21,1],"21":[0],"22":[0,0],"23":[1],"24":[0],"25":[13,13],"26":[1],"27":[1],"28":[1],"29":[1],"30":[1],"31":[1],"32":[1],"33":[7],"34":[6],"35":[7,1],"36":[6],"37":[1],"38":[6,2],"39":[1],"40":[5,1],"41":[2],"42":[4,2],"43":[2,2,0],"44":[1,1],"45":[1,0],"46":[0,0],"47":[1],"48":[1],"49":[0],"50":[0],"51":[0],"52":[0],"53":[0],"54":[0,0],"55":[0],"56":[0],"57":[1],"58":[0],"59":[0,1],"60":[1],"61":[1],"62":[51],"63":[30]}}
}
