TN:
SF:src/FamilyTreeCore.ts
FN:9,(anonymous_0)
FN:11,(anonymous_1)
FN:16,(anonymous_2)
FN:29,(anonymous_3)
FN:33,(anonymous_4)
FN:43,(anonymous_5)
FN:50,(anonymous_6)
FN:53,(anonymous_7)
FN:58,(anonymous_8)
FN:61,(anonymous_9)
FN:66,(anonymous_10)
FN:69,(anonymous_11)
FN:76,(anonymous_12)
FN:86,(anonymous_13)
FN:92,(anonymous_14)
FN:116,(anonymous_15)
FN:125,(anonymous_16)
FN:126,(anonymous_17)
FN:129,(anonymous_18)
FN:153,(anonymous_19)
FN:154,(anonymous_20)
FN:159,(anonymous_21)
FN:167,(anonymous_22)
FN:168,(anonymous_23)
FN:173,(anonymous_24)
FN:225,(anonymous_25)
FN:240,(anonymous_26)
FN:249,(anonymous_27)
FN:262,(anonymous_28)
FN:291,(anonymous_29)
FN:329,(anonymous_30)
FN:336,(anonymous_31)
FN:358,(anonymous_32)
FNF:33
FNH:23
FNDA:24,(anonymous_0)
FNDA:3,(anonymous_1)
FNDA:54,(anonymous_2)
FNDA:134,(anonymous_3)
FNDA:5,(anonymous_4)
FNDA:1,(anonymous_5)
FNDA:0,(anonymous_6)
FNDA:0,(anonymous_7)
FNDA:1,(anonymous_8)
FNDA:1,(anonymous_9)
FNDA:0,(anonymous_10)
FNDA:0,(anonymous_11)
FNDA:7,(anonymous_12)
FNDA:3,(anonymous_13)
FNDA:10,(anonymous_14)
FNDA:1,(anonymous_15)
FNDA:1,(anonymous_16)
FNDA:1,(anonymous_17)
FNDA:23,(anonymous_18)
FNDA:25,(anonymous_19)
FNDA:25,(anonymous_20)
FNDA:0,(anonymous_21)
FNDA:0,(anonymous_22)
FNDA:0,(anonymous_23)
FNDA:14,(anonymous_24)
FNDA:2,(anonymous_25)
FNDA:0,(anonymous_26)
FNDA:0,(anonymous_27)
FNDA:0,(anonymous_28)
FNDA:2,(anonymous_29)
FNDA:1,(anonymous_30)
FNDA:21,(anonymous_31)
FNDA:1,(anonymous_32)
DA:2,3
DA:5,3
DA:6,24
DA:10,24
DA:11,24
DA:17,54
DA:18,54
DA:25,54
DA:26,54
DA:30,134
DA:34,5
DA:35,5
DA:36,1
DA:38,4
DA:39,4
DA:40,4
DA:44,1
DA:45,1
DA:46,0
DA:50,1
DA:51,0
DA:52,0
DA:53,0
DA:58,1
DA:59,1
DA:60,1
DA:61,1
DA:66,1
DA:67,0
DA:68,0
DA:69,0
DA:73,1
DA:77,7
DA:78,7
DA:79,20
DA:80,7
DA:83,0
DA:87,3
DA:93,10
DA:94,10
DA:95,1
DA:98,9
DA:99,1
DA:102,8
DA:106,1
DA:109,7
DA:110,7
DA:111,7
DA:113,7
DA:117,1
DA:118,1
DA:120,1
DA:122,0
DA:125,1
DA:126,1
DA:130,23
DA:131,23
DA:132,1
DA:135,22
DA:136,22
DA:137,4
DA:138,4
DA:139,0
DA:141,4
DA:144,22
DA:145,1
DA:148,21
DA:149,0
DA:152,21
DA:153,25
DA:154,25
DA:156,21
DA:160,0
DA:161,0
DA:163,0
DA:164,0
DA:167,0
DA:168,0
DA:174,14
DA:175,13
DA:176,13
DA:177,13
DA:180,13
DA:181,12
DA:182,11
DA:184,10
DA:185,10
DA:188,10
DA:189,1
DA:190,1
DA:191,0
DA:193,9
DA:194,1
DA:195,1
DA:196,0
DA:200,8
DA:201,8
DA:203,8
DA:204,13
DA:205,7
DA:206,7
DA:207,6
DA:208,6
DA:209,6
DA:214,8
DA:216,6
DA:219,5
DA:220,4
DA:223,2
DA:224,2
DA:225,2
DA:226,2
DA:227,2
DA:229,2
DA:230,2
DA:234,2
DA:235,1
DA:236,1
DA:237,1
DA:238,0
DA:239,0
DA:240,0
DA:241,0
DA:246,1
DA:250,0
DA:251,0
DA:252,0
DA:253,0
DA:254,0
DA:255,0
DA:256,0
DA:259,0
DA:263,0
DA:264,0
DA:267,0
DA:268,0
DA:270,0
DA:271,0
DA:273,0
DA:274,0
DA:277,0
DA:278,0
DA:280,0
DA:281,0
DA:282,0
DA:283,0
DA:288,0
DA:292,2
DA:293,2
DA:295,2
DA:297,3
DA:298,1
DA:299,1
DA:302,3
DA:303,2
DA:304,0
DA:307,3
DA:308,1
DA:309,0
DA:312,1
DA:313,1
DA:314,1
DA:320,3
DA:321,1
DA:325,2
DA:330,1
DA:337,21
DA:338,21
DA:339,21
DA:341,21
DA:342,51
DA:343,51
DA:345,51
DA:346,51
DA:347,31
DA:348,30
DA:349,30
DA:350,30
DA:355,21
DA:359,1
LF:180
LH:132
BRDA:9,0,0,23
BRDA:35,1,0,1
BRDA:45,2,0,0
BRDA:52,3,0,0
BRDA:60,4,0,1
BRDA:68,5,0,0
BRDA:79,6,0,7
BRDA:94,7,0,1
BRDA:98,8,0,1
BRDA:98,9,0,9
BRDA:98,9,1,5
BRDA:102,10,0,1
BRDA:103,11,0,8
BRDA:103,11,1,4
BRDA:120,12,0,0
BRDA:120,13,0,1
BRDA:120,13,1,1
BRDA:131,14,0,1
BRDA:136,15,0,4
BRDA:138,16,0,0
BRDA:144,17,0,1
BRDA:144,18,0,22
BRDA:144,18,1,1
BRDA:148,19,0,0
BRDA:148,20,0,21
BRDA:148,20,1,1
BRDA:163,21,0,0
BRDA:163,22,0,0
BRDA:163,22,1,0
BRDA:174,23,0,1
BRDA:177,24,0,0
BRDA:177,25,0,13
BRDA:177,25,1,13
BRDA:180,26,0,1
BRDA:181,27,0,1
BRDA:182,28,0,1
BRDA:188,29,0,1
BRDA:190,30,0,1
BRDA:193,31,0,1
BRDA:195,32,0,1
BRDA:204,33,0,7
BRDA:206,34,0,6
BRDA:206,35,0,7
BRDA:206,35,1,1
BRDA:214,36,0,6
BRDA:216,37,0,1
BRDA:216,38,0,6
BRDA:216,38,1,2
BRDA:219,39,0,1
BRDA:219,40,0,5
BRDA:219,40,1,1
BRDA:220,41,0,2
BRDA:220,42,0,4
BRDA:220,42,1,2
BRDA:227,43,0,2
BRDA:227,43,1,2
BRDA:227,43,2,0
BRDA:229,44,0,1
BRDA:229,44,1,1
BRDA:229,45,0,1
BRDA:229,45,1,0
BRDA:229,46,0,0
BRDA:229,46,1,0
BRDA:236,47,0,1
BRDA:237,48,0,1
BRDA:238,49,0,0
BRDA:240,50,0,0
BRDA:253,51,0,0
BRDA:255,52,0,0
BRDA:263,53,0,0
BRDA:263,54,0,0
BRDA:263,54,1,0
BRDA:273,55,0,0
BRDA:281,56,0,0
BRDA:298,57,0,1
BRDA:303,58,0,0
BRDA:308,59,0,0
BRDA:308,59,1,1
BRDA:313,60,0,1
BRDA:320,61,0,1
BRDA:345,62,0,51
BRDA:347,63,0,30
BRF:82
BRH:57
end_of_record
